Build started 17/11/2016 13:29:41.
     1>Project "D:\Docs\Git\OpenGLTutorials\Graphics Code 2015\Graphics For Games\8) Index Buffers\Tutorial8.vcxproj" on node 2 (Build target(s)).
     1>Link:
         C:\Program Files (x86)\Microsoft Visual Studio 14.0\VC\bin\link.exe /ERRORREPORT:PROMPT /OUT:"D:\Docs\Git\OpenGLTutorials\Graphics Code 2015\Graphics For Games\Debug\Tutorial 08 - Index Buffers.exe" /INCREMENTAL /NOLOGO kernel32.lib user32.lib gdi32.lib winspool.lib comdlg32.lib advapi32.lib shell32.lib ole32.lib oleaut32.lib uuid.lib odbc32.lib odbccp32.lib /MANIFEST /MANIFESTUAC:"level='asInvoker' uiAccess='false'" /manifest:embed /Debug /PDB:"D:\Docs\Git\OpenGLTutorials\Graphics Code 2015\Graphics For Games\Debug\Tutorial 08 - Index Buffers.pdb" /TLBID:1 /DYNAMICBASE /NXCOMPAT /IMPLIB:"D:\Docs\Git\OpenGLTutorials\Graphics Code 2015\Graphics For Games\Debug\Tutorial 08 - Index Buffers.lib" /MACHINE:X86 Debug\HeightMap.obj
         Debug\Renderer.obj
         Debug\tutorial8.obj
     1>HeightMap.obj : warning LNK4049: locally defined symbol ___glewActiveTexture imported
     1>Renderer.obj : warning LNK4049: locally defined symbol ___glewActiveTexture imported
     1>HeightMap.obj : warning LNK4049: locally defined symbol ___glewBindVertexArray imported
     1>Renderer.obj : warning LNK4049: locally defined symbol ___glewDrawBuffers imported
     1>Renderer.obj : warning LNK4049: locally defined symbol ___glewGetUniformLocation imported
     1>Renderer.obj : warning LNK4049: locally defined symbol ___glewUniform1i imported
     1>Renderer.obj : warning LNK4049: locally defined symbol ___glewUniform2f imported
     1>Renderer.obj : warning LNK4049: locally defined symbol ___glewUniform3fv imported
     1>Renderer.obj : warning LNK4049: locally defined symbol ___glewUniformMatrix4fv imported
     1>Renderer.obj : warning LNK4049: locally defined symbol ___glewUseProgram imported
     1>Renderer.obj : warning LNK4049: locally defined symbol ___glewBindFramebuffer imported
     1>Renderer.obj : warning LNK4049: locally defined symbol ___glewCheckFramebufferStatus imported
     1>Renderer.obj : warning LNK4049: locally defined symbol ___glewDeleteFramebuffers imported
     1>Renderer.obj : warning LNK4049: locally defined symbol ___glewFramebufferTexture2D imported
     1>Renderer.obj : warning LNK4049: locally defined symbol ___glewGenFramebuffers imported
     1>glew32.lib(glew.obj) : warning LNK4099: PDB 'vc120.pdb' was not found with 'glew32.lib(glew.obj)' or at 'D:\Docs\Git\OpenGLTutorials\Graphics Code 2015\Graphics For Games\Debug\vc120.pdb'; linking object as if no debug info
         Tutorial8.vcxproj -> D:\Docs\Git\OpenGLTutorials\Graphics Code 2015\Graphics For Games\Debug\Tutorial 08 - Index Buffers.exe
     1>Done Building Project "D:\Docs\Git\OpenGLTutorials\Graphics Code 2015\Graphics For Games\8) Index Buffers\Tutorial8.vcxproj" (Build target(s)).

Build succeeded.

Time Elapsed 00:00:00.42
